0 info it worked if it ends with ok
1 verbose cli [ 'C:\\Program Files\\nodejs\\node.exe',
1 verbose cli   'C:\\Program Files\\nodejs\\node_modules\\npm\\bin\\npm-cli.js',
1 verbose cli   'publish',
1 verbose cli   '.' ]
2 info using npm@2.15.1
3 info using node@v4.4.3
4 verbose publish [ '.' ]
5 silly cache add args [ '.', null ]
6 verbose cache add spec .
7 silly cache add parsed spec Result {
7 silly cache add   raw: '.',
7 silly cache add   scope: null,
7 silly cache add   name: null,
7 silly cache add   rawSpec: '.',
7 silly cache add   spec: 'C:\\Users\\Administrator\\testapp\\getmac',
7 silly cache add   type: 'directory' }
8 verbose addLocalDirectory C:\Users\Administrator\AppData\Roaming\npm-cache\getmac\0.0.1\package.tgz not in flight; packing
9 verbose correctMkdir C:\Users\Administrator\AppData\Roaming\npm-cache correctMkdir not in flight; initializing
10 verbose tar pack [ 'C:\\Users\\Administrator\\AppData\\Roaming\\npm-cache\\getmac\\0.0.1\\package.tgz',
10 verbose tar pack   'C:\\Users\\Administrator\\testapp\\getmac' ]
11 verbose tarball C:\Users\Administrator\AppData\Roaming\npm-cache\getmac\0.0.1\package.tgz
12 verbose folder C:\Users\Administrator\testapp\getmac
13 info prepublish getmac@0.0.1
14 verbose addLocalTarball adding from inside cache C:\Users\Administrator\AppData\Roaming\npm-cache\getmac\0.0.1\package.tgz
15 verbose correctMkdir C:\Users\Administrator\AppData\Roaming\npm-cache correctMkdir not in flight; initializing
16 silly cache afterAdd getmac@0.0.1
17 verbose afterAdd C:\Users\Administrator\AppData\Roaming\npm-cache\getmac\0.0.1\package\package.json not in flight; writing
18 verbose correctMkdir C:\Users\Administrator\AppData\Roaming\npm-cache correctMkdir not in flight; initializing
19 verbose afterAdd C:\Users\Administrator\AppData\Roaming\npm-cache\getmac\0.0.1\package\package.json written
20 silly publish { name: 'getmac',
20 silly publish   version: '0.0.1',
20 silly publish   description: 'get Mac Address for android6 and ios',
20 silly publish   cordova:
20 silly publish    { id: 'cordova-plugin-getmacandroid6',
20 silly publish      platforms: [ 'android', 'ios' ] },
20 silly publish   repository:
20 silly publish    { type: 'git',
20 silly publish      url: 'git+https://github.com/navidmalekan/getmac.git' },
20 silly publish   keywords: [ 'ecosystem:cordova', 'cordova-android', 'cordova-ios' ],
20 silly publish   author: { name: 'Navid Malekan' },
20 silly publish   license: 'ISC',
20 silly publish   bugs: { url: 'https://github.com/navidmalekan/getmac/issues' },
20 silly publish   homepage: 'https://github.com/navidmalekan/getmac#readme',
20 silly publish   readme: 'ERROR: No README data found!',
20 silly publish   _id: 'getmac@0.0.1',
20 silly publish   scripts: {},
20 silly publish   _shasum: 'a2ce8b3c2fe171e61725350f920805a8bc5e55e4',
20 silly publish   _from: '.' }
21 verbose getPublishConfig undefined
22 silly mapToRegistry name getmac
23 silly mapToRegistry using default registry
24 silly mapToRegistry registry https://registry.npmjs.org/
25 silly mapToRegistry data Result {
25 silly mapToRegistry   raw: 'getmac',
25 silly mapToRegistry   scope: null,
25 silly mapToRegistry   name: 'getmac',
25 silly mapToRegistry   rawSpec: '',
25 silly mapToRegistry   spec: 'latest',
25 silly mapToRegistry   type: 'tag' }
26 silly mapToRegistry uri https://registry.npmjs.org/getmac
27 verbose publish registryBase https://registry.npmjs.org/
28 silly publish uploading C:\Users\Administrator\AppData\Roaming\npm-cache\getmac\0.0.1\package.tgz
29 verbose stack Error: auth required for publishing
29 verbose stack     at CachingRegistryClient.publish (C:\Program Files\nodejs\node_modules\npm\node_modules\npm-registry-client\lib\publish.js:30:14)
29 verbose stack     at C:\Program Files\nodejs\node_modules\npm\lib\publish.js:134:14
29 verbose stack     at mapToRegistry (C:\Program Files\nodejs\node_modules\npm\lib\utils\map-to-registry.js:62:3)
29 verbose stack     at publish_ (C:\Program Files\nodejs\node_modules\npm\lib\publish.js:104:3)
29 verbose stack     at Array.<anonymous> (C:\Program Files\nodejs\node_modules\npm\node_modules\slide\lib\bind-actor.js:15:8)
29 verbose stack     at LOOP (C:\Program Files\nodejs\node_modules\npm\node_modules\slide\lib\chain.js:15:14)
29 verbose stack     at LOOP (C:\Program Files\nodejs\node_modules\npm\node_modules\slide\lib\chain.js:14:28)
29 verbose stack     at chain (C:\Program Files\nodejs\node_modules\npm\node_modules\slide\lib\chain.js:20:5)
29 verbose stack     at C:\Program Files\nodejs\node_modules\npm\lib\publish.js:73:5
29 verbose stack     at RES (C:\Program Files\nodejs\node_modules\npm\node_modules\inflight\inflight.js:23:14)
30 verbose cwd C:\Users\Administrator\testapp\getmac
31 error Windows_NT 6.3.9600
32 error argv "C:\\Program Files\\nodejs\\node.exe" "C:\\Program Files\\nodejs\\node_modules\\npm\\bin\\npm-cli.js" "publish" "."
33 error node v4.4.3
34 error npm  v2.15.1
35 error code ENEEDAUTH
36 error need auth auth required for publishing
36 error need auth You need to authorize this machine using `npm adduser`
37 verbose exit [ 1, true ]
